0 info it worked if it ends with ok
1 verbose cli [ 'node', '/usr/local/bin/npm', 'install' ]
2 info using npm@1.4.28
3 info using node@v0.10.34
4 verbose readDependencies using package.json deps
5 verbose install where, deps [ '/Users/conantp/Projects/node/chat',
5 verbose install   [ 'express', 'socket.io', 'angular', 'google-fonts' ] ]
6 info preinstall amgiosk@0.0.2
7 verbose readDependencies using package.json deps
8 verbose already installed skipping express@^4.10.2 /Users/conantp/Projects/node/chat
9 verbose cache add [ 'socket.io@^1.2.1', null ]
10 verbose cache add name=undefined spec="socket.io@^1.2.1" args=["socket.io@^1.2.1",null]
11 verbose parsed url { protocol: null,
11 verbose parsed url   slashes: null,
11 verbose parsed url   auth: null,
11 verbose parsed url   host: null,
11 verbose parsed url   port: null,
11 verbose parsed url   hostname: null,
11 verbose parsed url   hash: null,
11 verbose parsed url   search: null,
11 verbose parsed url   query: null,
11 verbose parsed url   pathname: 'socket.io@^1.2.1',
11 verbose parsed url   path: 'socket.io@^1.2.1',
11 verbose parsed url   href: 'socket.io@^1.2.1' }
12 verbose already installed skipping angular@^1 /Users/conantp/Projects/node/chat
13 verbose cache add [ 'google-fonts@^1', null ]
14 verbose cache add name=undefined spec="google-fonts@^1" args=["google-fonts@^1",null]
15 verbose parsed url { protocol: null,
15 verbose parsed url   slashes: null,
15 verbose parsed url   auth: null,
15 verbose parsed url   host: null,
15 verbose parsed url   port: null,
15 verbose parsed url   hostname: null,
15 verbose parsed url   hash: null,
15 verbose parsed url   search: null,
15 verbose parsed url   query: null,
15 verbose parsed url   pathname: 'google-fonts@^1',
15 verbose parsed url   path: 'google-fonts@^1',
15 verbose parsed url   href: 'google-fonts@^1' }
16 verbose cache add name="socket.io" spec="^1.2.1" args=["socket.io","^1.2.1"]
17 verbose parsed url { protocol: null,
17 verbose parsed url   slashes: null,
17 verbose parsed url   auth: null,
17 verbose parsed url   host: null,
17 verbose parsed url   port: null,
17 verbose parsed url   hostname: null,
17 verbose parsed url   hash: null,
17 verbose parsed url   search: null,
17 verbose parsed url   query: null,
17 verbose parsed url   pathname: '^1.2.1',
17 verbose parsed url   path: '^1.2.1',
17 verbose parsed url   href: '^1.2.1' }
18 verbose addNamed [ 'socket.io', '^1.2.1' ]
19 verbose addNamed [ null, '>=1.2.1-0 <2.0.0-0' ]
20 verbose cache add name="google-fonts" spec="^1" args=["google-fonts","^1"]
21 verbose parsed url { protocol: null,
21 verbose parsed url   slashes: null,
21 verbose parsed url   auth: null,
21 verbose parsed url   host: null,
21 verbose parsed url   port: null,
21 verbose parsed url   hostname: null,
21 verbose parsed url   hash: null,
21 verbose parsed url   search: null,
21 verbose parsed url   query: null,
21 verbose parsed url   pathname: '^1',
21 verbose parsed url   path: '^1',
21 verbose parsed url   href: '^1' }
22 verbose addNamed [ 'google-fonts', '^1' ]
23 verbose addNamed [ null, '>=1.0.0-0 <2.0.0-0' ]
24 silly lockFile 8ff672b5-socket-io-1-2-1 socket.io@^1.2.1
25 verbose lock socket.io@^1.2.1 /Users/conantp/.npm/8ff672b5-socket-io-1-2-1.lock
26 silly lockFile 873d4310-google-fonts-1 google-fonts@^1
27 verbose lock google-fonts@^1 /Users/conantp/.npm/873d4310-google-fonts-1.lock
28 silly addNameRange { name: 'socket.io',
28 silly addNameRange   range: '>=1.2.1-0 <2.0.0-0',
28 silly addNameRange   hasData: false }
29 silly addNameRange { name: 'google-fonts',
29 silly addNameRange   range: '>=1.0.0-0 <2.0.0-0',
29 silly addNameRange   hasData: false }
30 verbose request where is /google-fonts
31 verbose request registry https://registry.npmjs.org/
32 verbose request id 2c593f9c45c75a8b
33 verbose url raw /google-fonts
34 verbose url resolving [ 'https://registry.npmjs.org/', './google-fonts' ]
35 verbose url resolved https://registry.npmjs.org/google-fonts
36 verbose request where is https://registry.npmjs.org/google-fonts
37 info trying registry request attempt 1 at 14:44:27
38 http GET https://registry.npmjs.org/google-fonts
39 verbose request where is /socket.io
40 verbose request registry https://registry.npmjs.org/
41 verbose url raw /socket.io
42 verbose url resolving [ 'https://registry.npmjs.org/', './socket.io' ]
43 verbose url resolved https://registry.npmjs.org/socket.io
44 verbose request where is https://registry.npmjs.org/socket.io
45 info trying registry request attempt 1 at 14:44:27
46 verbose etag "1M9QR8SQKJK1Z7VA8SNKL8MZW"
47 http GET https://registry.npmjs.org/socket.io
48 http 200 https://registry.npmjs.org/socket.io
49 silly registry.get cb [ 200,
49 silly registry.get   { date: 'Sun, 25 Jan 2015 19:44:27 GMT',
49 silly registry.get     server: 'CouchDB/1.5.0 (Erlang OTP/R16B03)',
49 silly registry.get     etag: '"71CLOKIP7XJEJRDT07JEAHBZ6"',
49 silly registry.get     'content-type': 'application/json',
49 silly registry.get     'cache-control': 'max-age=60',
49 silly registry.get     'content-length': '107558',
49 silly registry.get     'accept-ranges': 'bytes',
49 silly registry.get     via: '1.1 varnish',
49 silly registry.get     age: '43',
49 silly registry.get     'x-served-by': 'cache-jfk1029-JFK',
49 silly registry.get     'x-cache': 'HIT',
49 silly registry.get     'x-cache-hits': '1',
49 silly registry.get     'x-timer': 'S1422215067.341218,VS0,VE0',
49 silly registry.get     vary: 'Accept',
49 silly registry.get     'keep-alive': 'timeout=10, max=50',
49 silly registry.get     connection: 'Keep-Alive' } ]
50 silly addNameRange number 2 { name: 'socket.io', range: '>=1.2.1-0 <2.0.0-0', hasData: true }
51 silly addNameRange versions [ 'socket.io',
51 silly addNameRange   [ '0.3.8',
51 silly addNameRange     '0.4.0',
51 silly addNameRange     '0.4.1',
51 silly addNameRange     '0.5.1',
51 silly addNameRange     '0.5.3',
51 silly addNameRange     '0.6.0',
51 silly addNameRange     '0.6.1',
51 silly addNameRange     '0.6.3',
51 silly addNameRange     '0.6.4',
51 silly addNameRange     '0.6.5',
51 silly addNameRange     '0.6.6',
51 silly addNameRange     '0.6.7',
51 silly addNameRange     '0.6.8',
51 silly addNameRange     '0.6.9',
51 silly addNameRange     '0.6.10',
51 silly addNameRange     '0.6.11',
51 silly addNameRange     '0.6.12',
51 silly addNameRange     '0.6.14',
51 silly addNameRange     '0.6.15',
51 silly addNameRange     '0.6.16',
51 silly addNameRange     '0.6.17',
51 silly addNameRange     '0.6.18',
51 silly addNameRange     '0.7.0',
51 silly addNameRange     '0.7.1',
51 silly addNameRange     '0.7.2',
51 silly addNameRange     '0.7.3',
51 silly addNameRange     '0.7.4',
51 silly addNameRange     '0.7.5',
51 silly addNameRange     '0.7.6',
51 silly addNameRange     '0.7.7',
51 silly addNameRange     '0.7.8',
51 silly addNameRange     '0.7.9',
51 silly addNameRange     '0.7.10',
51 silly addNameRange     '0.7.11',
51 silly addNameRange     '0.8.0',
51 silly addNameRange     '0.8.1',
51 silly addNameRange     '0.8.2',
51 silly addNameRange     '0.8.3',
51 silly addNameRange     '0.8.4',
51 silly addNameRange     '0.8.5',
51 silly addNameRange     '0.8.6',
51 silly addNameRange     '0.8.7',
51 silly addNameRange     '0.9.0',
51 silly addNameRange     '0.9.1',
51 silly addNameRange     '0.9.1-1',
51 silly addNameRange     '0.9.2',
51 silly addNameRange     '0.9.3',
51 silly addNameRange     '0.9.4',
51 silly addNameRange     '0.9.5',
51 silly addNameRange     '0.9.6',
51 silly addNameRange     '0.9.7',
51 silly addNameRange     '0.9.8',
51 silly addNameRange     '0.9.9',
51 silly addNameRange     '0.9.10',
51 silly addNameRange     '0.9.11',
51 silly addNameRange     '0.9.12',
51 silly addNameRange     '0.9.13',
51 silly addNameRange     '0.9.14',
51 silly addNameRange     '0.9.15',
51 silly addNameRange     '0.9.16',
51 silly addNameRange     '1.0.0-pre',
51 silly addNameRange     '1.0.0-pre2',
51 silly addNameRange     '1.0.0-pre3',
51 silly addNameRange     '1.0.0-pre4',
51 silly addNameRange     '1.0.0-pre5',
51 silly addNameRange     '0.9.17',
51 silly addNameRange     '1.0.0',
51 silly addNameRange     '1.0.1',
51 silly addNameRange     '1.0.2',
51 silly addNameRange     '1.0.3',
51 silly addNameRange     '1.0.4',
51 silly addNameRange     '1.0.5',
51 silly addNameRange     '1.0.6',
51 silly addNameRange     '1.1.0',
51 silly addNameRange     '1.2.0',
51 silly addNameRange     '1.2.1',
51 silly addNameRange     '1.3.0',
51 silly addNameRange     '1.3.1',
51 silly addNameRange     '1.3.2' ] ]
52 verbose addNamed [ 'socket.io', '1.3.2' ]
53 verbose addNamed [ '1.3.2', '1.3.2' ]
54 silly lockFile b15c0080-socket-io-1-3-2 socket.io@1.3.2
55 verbose lock socket.io@1.3.2 /Users/conantp/.npm/b15c0080-socket-io-1-3-2.lock
56 silly lockFile b3aebed7-rg-socket-io-socket-io-1-3-2-tgz https://registry.npmjs.org/socket.io/-/socket.io-1.3.2.tgz
57 verbose lock https://registry.npmjs.org/socket.io/-/socket.io-1.3.2.tgz /Users/conantp/.npm/b3aebed7-rg-socket-io-socket-io-1-3-2-tgz.lock
58 verbose addRemoteTarball [ 'https://registry.npmjs.org/socket.io/-/socket.io-1.3.2.tgz',
58 verbose addRemoteTarball   'b8c1ffc63b3341d9609ee55e06560a6ca1f185e5' ]
59 info retry fetch attempt 1 at 14:44:27
60 verbose fetch to= /var/folders/db/dvlvm3s10rngsv0lfxcqbdvc0000gn/T/npm-25760-Xk4eJz16/registry.npmjs.org/socket.io/-/socket.io-1.3.2.tgz
61 http GET https://registry.npmjs.org/socket.io/-/socket.io-1.3.2.tgz
62 http 200 https://registry.npmjs.org/google-fonts
63 silly registry.get cb [ 200,
63 silly registry.get   { date: 'Sun, 25 Jan 2015 19:44:27 GMT',
63 silly registry.get     server: 'CouchDB/1.5.0 (Erlang OTP/R16B03)',
63 silly registry.get     etag: '"BD0O2M5BYRTDMGER3AWZR1D83"',
63 silly registry.get     'content-type': 'application/json',
63 silly registry.get     'cache-control': 'max-age=60',
63 silly registry.get     'content-length': '4535',
63 silly registry.get     'accept-ranges': 'bytes',
63 silly registry.get     via: '1.1 varnish',
63 silly registry.get     age: '0',
63 silly registry.get     'x-served-by': 'cache-jfk1022-JFK',
63 silly registry.get     'x-cache': 'MISS',
63 silly registry.get     'x-cache-hits': '0',
63 silly registry.get     'x-timer': 'S1422215067.334604,VS0,VE353',
63 silly registry.get     vary: 'Accept',
63 silly registry.get     'keep-alive': 'timeout=10, max=50',
63 silly registry.get     connection: 'Keep-Alive' } ]
64 silly addNameRange number 2 { name: 'google-fonts',
64 silly addNameRange   range: '>=1.0.0-0 <2.0.0-0',
64 silly addNameRange   hasData: true }
65 silly addNameRange versions [ 'google-fonts', [ '0.0.0' ] ]
66 silly lockFile 873d4310-google-fonts-1 google-fonts@^1
67 silly lockFile 873d4310-google-fonts-1 google-fonts@^1
68 http 200 https://registry.npmjs.org/socket.io/-/socket.io-1.3.2.tgz
69 silly lockFile b3aebed7-rg-socket-io-socket-io-1-3-2-tgz https://registry.npmjs.org/socket.io/-/socket.io-1.3.2.tgz
70 silly lockFile b3aebed7-rg-socket-io-socket-io-1-3-2-tgz https://registry.npmjs.org/socket.io/-/socket.io-1.3.2.tgz
71 silly lockFile b15c0080-socket-io-1-3-2 socket.io@1.3.2
72 silly lockFile b15c0080-socket-io-1-3-2 socket.io@1.3.2
73 silly lockFile 8ff672b5-socket-io-1-2-1 socket.io@^1.2.1
74 silly lockFile 8ff672b5-socket-io-1-2-1 socket.io@^1.2.1
75 error notarget No compatible version found: google-fonts@'>=1.0.0-0 <2.0.0-0'
75 error notarget Valid install targets:
75 error notarget ["0.0.0"]
75 error notarget
75 error notarget This is most likely not a problem with npm itself.
75 error notarget In most cases you or one of your dependencies are requesting
75 error notarget a package version that doesn't exist.
76 error System Darwin 14.1.0
77 error command "node" "/usr/local/bin/npm" "install"
78 error cwd /Users/conantp/Projects/node/chat
79 error node -v v0.10.34
80 error npm -v 1.4.28
81 error code ETARGET
82 verbose exit [ 1, true ]
